


ARM Macro Assembler    Page 1 


    1 00000000         ;****************** main.s ***************
    2 00000000         ; Program written by: Keith Skinner
    3 00000000         ; Date Created: 2/4/2017
    4 00000000         ; Last Modified: 9/26/2019
    5 00000000         ; Brief description of the program
    6 00000000         ;   The LED toggles at 2 Hz and a varying duty-cycle
    7 00000000         ; Hardware connections (External: One button and one LED
                       )
    8 00000000         ;  PE2 is Button input  (1 means pressed, 0 means not pr
                       essed)
    9 00000000         ;  PE3 is LED output (1 activates external LED on protob
                       oard)
   10 00000000         ;  PF4 is builtin button SW1 on Launchpad (Internal) 
   11 00000000         ;        Negative Logic (0 means pressed, 1 means not pr
                       essed)
   12 00000000         ; Overall functionality of this system is to operate lik
                       e this
   13 00000000         ;   1) Make PE3 an output and make PE2 and PF4 inputs.
   14 00000000         ;   2) The system starts with the the LED toggling at 2H
                       z,
   15 00000000         ;      which is 2 times per second with a duty-cycle of 
                       30%.
   16 00000000         ;      Therefore, the LED is ON for 150ms and off for 35
                       0 ms.
   17 00000000         ;   3) When the button (PE1) is pressed-and-released inc
                       rease
   18 00000000         ;      the duty cycle by 20% (modulo 100%). Therefore fo
                       r each
   19 00000000         ;      press-and-release the duty cycle changes from 30%
                        to 70% to 70%
   20 00000000         ;      to 90% to 10% to 30% so on
   21 00000000         ;   4) Implement a "breathing LED" when SW1 (PF4) on the
                        Launchpad is pressed:
   22 00000000         ;      a) Be creative and play around with what "breathi
                       ng" means.
   23 00000000         ;         An example of "breathing" is most computers po
                       wer LED in sleep mode
   24 00000000         ;         (e.g., https://www.youtube.com/watch?v=ZT6siXy
                       IjvQ).
   25 00000000         ;      b) When (PF4) is released while in breathing mode
                       , resume blinking at 2Hz.
   26 00000000         ;         The duty cycle can either match the most recen
                       t duty-
   27 00000000         ;         cycle or reset to 30%.
   28 00000000         ;      TIP: debugging the breathing LED algorithm using 
                       the real board.
   29 00000000         ; PortE device registers
   30 00000000 400243FC 
                       GPIO_PORTE_DATA_R
                               EQU              0x400243FC
   31 00000000 40024400 
                       GPIO_PORTE_DIR_R
                               EQU              0x40024400
   32 00000000 40024420 
                       GPIO_PORTE_AFSEL_R
                               EQU              0x40024420
   33 00000000 4002451C 
                       GPIO_PORTE_DEN_R
                               EQU              0x4002451C



ARM Macro Assembler    Page 2 


   34 00000000         ; PortF device registers
   35 00000000 400253FC 
                       GPIO_PORTF_DATA_R
                               EQU              0x400253FC
   36 00000000 40025400 
                       GPIO_PORTF_DIR_R
                               EQU              0x40025400
   37 00000000 40025420 
                       GPIO_PORTF_AFSEL_R
                               EQU              0x40025420
   38 00000000 40025510 
                       GPIO_PORTF_PUR_R
                               EQU              0x40025510
   39 00000000 4002551C 
                       GPIO_PORTF_DEN_R
                               EQU              0x4002551C
   40 00000000 40025520 
                       GPIO_PORTF_LOCK_R
                               EQU              0x40025520
   41 00000000 40025524 
                       GPIO_PORTF_CR_R
                               EQU              0x40025524
   42 00000000 4C4F434B 
                       GPIO_LOCK_KEY
                               EQU              0x4C4F434B  ; Unlocks the GPIO_
                                                            CR register
   43 00000000 400FE608 
                       SYSCTL_RCGCGPIO_R
                               EQU              0x400FE608
   44 00000000         
   45 00000000 0000007A 
                       KEITH_10_DC1
                               EQU              0x007A
   46 00000000 00001200 
                       KEITH_10_DC2
                               EQU              0x1200
   47 00000000         
   48 00000000         
   49 00000000                 IMPORT           TExaS_Init
   50 00000000                 THUMB
   51 00000000                 AREA             DATA, ALIGN=2
   52 00000000         ;global variables go here
   53 00000000         
   54 00000000         
   55 00000000                 AREA             |.text|, CODE, READONLY, ALIGN=
2
   56 00000000                 THUMB
   57 00000000                 EXPORT           Start
   58 00000000         Start
   59 00000000         ; TExaS_Init sets bus clock at 80 MHz
   60 00000000 F7FF FFFE       BL               TExaS_Init  ; voltmeter, scope 
                                                            on PD3
   61 00000004         ; Initialization goes here
   62 00000004         
   63 00000004         ; Make PE3 an output and make PE2 and PF4 inputs.
   64 00000004         ; Activate clock for port E
   65 00000004 490E            LDR              R1, =SYSCTL_RCGCGPIO_R ; Grab c
                                                            lock location
   66 00000006 6808            LDR              R0, [R1]    ; Grab clock value



ARM Macro Assembler    Page 3 


   67 00000008 F04F 0010       MOV              R0, #0x10   ; Bit 5 is for Port
                                                             E
   68 0000000C 6008            STR              R0, [R1]    ; Store clock value
                                                            s turning on E
   69 0000000E BF00            NOP                          ; Wait part1
   70 00000010 BF00            NOP                          ; Wait part2
   71 00000012         
   72 00000012         ; Set up direction register
   73 00000012 490C            LDR              R1, =GPIO_PORTE_DIR_R ; load po
                                                            rt e configuration 
                                                            location
   74 00000014 F04F 0008       MOV              R0, #0x8    ; set pin PE3 as ou
                                                            tput
   75 00000018 6008            STR              R0, [R1]    ; Store configurati
                                                            on
   76 0000001A         ; Enable Port E digital port
   77 0000001A 490B            LDR              R1, =GPIO_PORTE_DEN_R ; load po
                                                            rt e configuration
   78 0000001C F04F 0008       MOV              R0, #0x8    ; Make pin PE3 digi
                                                            tal
   79 00000020 6008            STR              R0, [R1]    ; Store configurati
                                                            on
   80 00000022         
   81 00000022 B662            CPSIE            I           ; TExaS voltmeter, 
                                                            scope runs on inter
                                                            rupts
   82 00000024         loop
   83 00000024         ; main engine goes here
   84 00000024 F04F 007A       MOV              R0, #0x007A
   85 00000028 EA4F 4000       LSL              R0, #16
   86 0000002C F500 5090       ADD              R0, R0, #0x1200
   87 00000030         wait
   88 00000030 1E40            SUBS             R0, R0, #1
   89 00000032 D1FD            BNE              wait
   90 00000034         
   91 00000034         ;Write out to the LED
   92 00000034 F081 0108       EOR              R1, R1, #0x8
   93 00000038         ; Write R0 out to PORTE
   94 00000038 4A04            LDR              R2, =GPIO_PORTE_DATA_R ; Pointe
                                                            r to Port E data
   95 0000003A 6011            STR              R1, [R2]    ; Write all of R0 o
                                                            ut to Port E
   96 0000003C         
   97 0000003C E7F2            B                loop
   98 0000003E         
   99 0000003E 00 00           ALIGN                        ; make sure the end
                                                             of this section is
                                                             aligned
  100 00000040                 END                          ; end of file
              400FE608 
              40024400 
              4002451C 
              400243FC 
Command Line: --debug --xref --diag_suppress=9931 --cpu=Cortex-M4 --apcs=interw
ork --depend=.\main.d -o.\main.o -I.\RTE\_Lab3 -IC:\Keil_v5\PACKS\ARM\CMSIS\5.5
.1\CMSIS\Core\Include -IC:\Keil_v5\PACKS\Keil\TM4C_DFP\1.1.0\Device\Include\TM4
C123 --predefine="__EVAL SETA 1" --predefine="__UVISION_VERSION SETA 528" --pre
define="_RTE_ SETA 1" --predefine="TM4C123GH6PM SETA 1" --list=.\main.lst main.
s



ARM Macro Assembler    Page 1 Alphabetic symbol ordering
Relocatable symbols

DATA 00000000

Symbol: DATA
   Definitions
      At line 51 in file main.s
   Uses
      None
Comment: DATA unused
1 symbol



ARM Macro Assembler    Page 1 Alphabetic symbol ordering
Relocatable symbols

.text 00000000

Symbol: .text
   Definitions
      At line 55 in file main.s
   Uses
      None
Comment: .text unused
Start 00000000

Symbol: Start
   Definitions
      At line 58 in file main.s
   Uses
      At line 57 in file main.s
Comment: Start used once
loop 00000024

Symbol: loop
   Definitions
      At line 82 in file main.s
   Uses
      At line 97 in file main.s
Comment: loop used once
wait 00000030

Symbol: wait
   Definitions
      At line 87 in file main.s
   Uses
      At line 89 in file main.s
Comment: wait used once
4 symbols



ARM Macro Assembler    Page 1 Alphabetic symbol ordering
Absolute symbols

GPIO_LOCK_KEY 4C4F434B

Symbol: GPIO_LOCK_KEY
   Definitions
      At line 42 in file main.s
   Uses
      None
Comment: GPIO_LOCK_KEY unused
GPIO_PORTE_AFSEL_R 40024420

Symbol: GPIO_PORTE_AFSEL_R
   Definitions
      At line 32 in file main.s
   Uses
      None
Comment: GPIO_PORTE_AFSEL_R unused
GPIO_PORTE_DATA_R 400243FC

Symbol: GPIO_PORTE_DATA_R
   Definitions
      At line 30 in file main.s
   Uses
      At line 94 in file main.s
Comment: GPIO_PORTE_DATA_R used once
GPIO_PORTE_DEN_R 4002451C

Symbol: GPIO_PORTE_DEN_R
   Definitions
      At line 33 in file main.s
   Uses
      At line 77 in file main.s
Comment: GPIO_PORTE_DEN_R used once
GPIO_PORTE_DIR_R 40024400

Symbol: GPIO_PORTE_DIR_R
   Definitions
      At line 31 in file main.s
   Uses
      At line 73 in file main.s
Comment: GPIO_PORTE_DIR_R used once
GPIO_PORTF_AFSEL_R 40025420

Symbol: GPIO_PORTF_AFSEL_R
   Definitions
      At line 37 in file main.s
   Uses
      None
Comment: GPIO_PORTF_AFSEL_R unused
GPIO_PORTF_CR_R 40025524

Symbol: GPIO_PORTF_CR_R
   Definitions
      At line 41 in file main.s
   Uses
      None
Comment: GPIO_PORTF_CR_R unused
GPIO_PORTF_DATA_R 400253FC

Symbol: GPIO_PORTF_DATA_R



ARM Macro Assembler    Page 2 Alphabetic symbol ordering
Absolute symbols

   Definitions
      At line 35 in file main.s
   Uses
      None
Comment: GPIO_PORTF_DATA_R unused
GPIO_PORTF_DEN_R 4002551C

Symbol: GPIO_PORTF_DEN_R
   Definitions
      At line 39 in file main.s
   Uses
      None
Comment: GPIO_PORTF_DEN_R unused
GPIO_PORTF_DIR_R 40025400

Symbol: GPIO_PORTF_DIR_R
   Definitions
      At line 36 in file main.s
   Uses
      None
Comment: GPIO_PORTF_DIR_R unused
GPIO_PORTF_LOCK_R 40025520

Symbol: GPIO_PORTF_LOCK_R
   Definitions
      At line 40 in file main.s
   Uses
      None
Comment: GPIO_PORTF_LOCK_R unused
GPIO_PORTF_PUR_R 40025510

Symbol: GPIO_PORTF_PUR_R
   Definitions
      At line 38 in file main.s
   Uses
      None
Comment: GPIO_PORTF_PUR_R unused
KEITH_10_DC1 0000007A

Symbol: KEITH_10_DC1
   Definitions
      At line 45 in file main.s
   Uses
      None
Comment: KEITH_10_DC1 unused
KEITH_10_DC2 00001200

Symbol: KEITH_10_DC2
   Definitions
      At line 46 in file main.s
   Uses
      None
Comment: KEITH_10_DC2 unused
SYSCTL_RCGCGPIO_R 400FE608

Symbol: SYSCTL_RCGCGPIO_R
   Definitions
      At line 43 in file main.s
   Uses



ARM Macro Assembler    Page 3 Alphabetic symbol ordering
Absolute symbols

      At line 65 in file main.s
Comment: SYSCTL_RCGCGPIO_R used once
15 symbols



ARM Macro Assembler    Page 1 Alphabetic symbol ordering
External symbols

TExaS_Init 00000000

Symbol: TExaS_Init
   Definitions
      At line 49 in file main.s
   Uses
      At line 60 in file main.s
Comment: TExaS_Init used once
1 symbol
357 symbols in table
